# JRE version: OpenJDK Runtime Environment Corretto-17.0.11.9.1 (17.0.11+9) (build 17.0.11+9-LTS)
# Java VM: OpenJDK 64-Bit Server VM Corretto-17.0.11.9.1 (17.0.11+9-LTS, mixed mode, sharing, tiered, compressed oops, compressed class ptrs, g1 gc, windows-amd64)
GC Precious Log:
 CPUs: 4 total, 4 available
 Memory: 16327M
 Large Page Support: Disabled
 NUMA Support: Disabled
 Compressed Oops: Enabled (Zero based)
 Heap Region Size: 2M
 Heap Min Capacity: 8M
 Heap Initial Capacity: 256M
 Heap Max Capacity: 4082M
 Pre-touch: Disabled
 Parallel Workers: 4
 Concurrent Workers: 1
 Concurrent Refinement Workers: 4
 Periodic GC: Disabled
Heap:
 garbage-first heap   total 153600K, used 74023K [0x0000000700e00000, 0x0000000800000000)
  region size 2048K, 1 young (2048K), 0 survivors (0K)
 Metaspace       used 23597K, committed 23872K, reserved 1114112K
  class space    used 2039K, committed 2176K, reserved 1048576K
GC Heap History (20 events):
Event: 4.343 GC heap before
{Heap before GC invocations=7 (full 0):
 garbage-first heap   total 90112K, used 70198K [0x0000000700e00000, 0x0000000800000000)
  region size 2048K, 22 young (45056K), 1 survivors (2048K)
 Metaspace       used 22107K, committed 22336K, reserved 1114112K
  class space    used 1950K, committed 2048K, reserved 1048576K
}
Event: 4.345 GC heap after
{Heap after GC invocations=8 (full 0):
 garbage-first heap   total 90112K, used 30163K [0x0000000700e00000, 0x0000000800000000)
  region size 2048K, 3 young (6144K), 3 survivors (6144K)
 Metaspace       used 22107K, committed 22336K, reserved 1114112K
  class space    used 1950K, committed 2048K, reserved 1048576K
}
Event: 4.539 GC heap before
{Heap before GC invocations=8 (full 0):
 garbage-first heap   total 90112K, used 67027K [0x0000000700e00000, 0x0000000800000000)
  region size 2048K, 21 young (43008K), 3 survivors (6144K)
 Metaspace       used 22154K, committed 22336K, reserved 1114112K
  class space    used 1950K, committed 2048K, reserved 1048576K
}
Event: 4.542 GC heap after
{Heap after GC invocations=9 (full 0):
 garbage-first heap   total 90112K, used 40768K [0x0000000700e00000, 0x0000000800000000)
  region size 2048K, 3 young (6144K), 3 survivors (6144K)
 Metaspace       used 22154K, committed 22336K, reserved 1114112K
  class space    used 1950K, committed 2048K, reserved 1048576K
}
Event: 4.661 GC heap before
{Heap before GC invocations=9 (full 0):
 garbage-first heap   total 90112K, used 63296K [0x0000000700e00000, 0x0000000800000000)
  region size 2048K, 15 young (30720K), 3 survivors (6144K)
 Metaspace       used 22170K, committed 22400K, reserved 1114112K
  class space    used 1950K, committed 2048K, reserved 1048576K
}
Event: 4.663 GC heap after
{Heap after GC invocations=10 (full 0):
 garbage-first heap   total 90112K, used 47808K [0x0000000700e00000, 0x0000000800000000)
  region size 2048K, 2 young (4096K), 2 survivors (4096K)
 Metaspace       used 22170K, committed 22400K, reserved 1114112K
  class space    used 1950K, committed 2048K, reserved 1048576K
}
Event: 4.762 GC heap before
{Heap before GC invocations=10 (full 0):
 garbage-first heap   total 90112K, used 64192K [0x0000000700e00000, 0x0000000800000000)
  region size 2048K, 11 young (22528K), 2 survivors (4096K)
 Metaspace       used 22200K, committed 22400K, reserved 1114112K
  class space    used 1950K, committed 2048K, reserved 1048576K
}
Event: 4.764 GC heap after
{Heap after GC invocations=11 (full 0):
 garbage-first heap   total 153600K, used 53132K [0x0000000700e00000, 0x0000000800000000)
  region size 2048K, 2 young (4096K), 2 survivors (4096K)
 Metaspace       used 22200K, committed 22400K, reserved 1114112K
  class space    used 1950K, committed 2048K, reserved 1048576K
}
Event: 5.039 GC heap before
{Heap before GC invocations=12 (full 0):
 garbage-first heap   total 153600K, used 104332K [0x0000000700e00000, 0x0000000800000000)
  region size 2048K, 27 young (55296K), 2 survivors (4096K)
 Metaspace       used 22200K, committed 22400K, reserved 1114112K
  class space    used 1950K, committed 2048K, reserved 1048576K
}
Event: 5.042 GC heap after
{Heap after GC invocations=13 (full 0):
 garbage-first heap   total 153600K, used 67968K [0x0000000700e00000, 0x0000000800000000)
  region size 2048K, 4 young (8192K), 4 survivors (8192K)
 Metaspace       used 22200K, committed 22400K, reserved 1114112K
  class space    used 1950K, committed 2048K, reserved 1048576K
}
Event: 5.447 GC heap before
{Heap before GC invocations=13 (full 0):
 garbage-first heap   total 153600K, used 74112K [0x0000000700e00000, 0x0000000800000000)
  region size 2048K, 8 young (16384K), 4 survivors (8192K)
 Metaspace       used 22804K, committed 23040K, reserved 1114112K
  class space    used 2011K, committed 2112K, reserved 1048576K
}
Event: 5.449 GC heap after
{Heap after GC invocations=14 (full 0):
 garbage-first heap   total 153600K, used 69934K [0x0000000700e00000, 0x0000000800000000)
  region size 2048K, 1 young (2048K), 1 survivors (2048K)
 Metaspace       used 22804K, committed 23040K, reserved 1114112K
  class space    used 2011K, committed 2112K, reserved 1048576K
}
Event: 5.964 GC heap before
{Heap before GC invocations=15 (full 0):
 garbage-first heap   total 153600K, used 100654K [0x0000000700e00000, 0x0000000800000000)
  region size 2048K, 7 young (14336K), 1 survivors (2048K)
 Metaspace       used 23156K, committed 23488K, reserved 1114112K
  class space    used 2024K, committed 2176K, reserved 1048576K
}
Event: 5.966 GC heap after
{Heap after GC invocations=16 (full 0):
 garbage-first heap   total 153600K, used 71032K [0x0000000700e00000, 0x0000000800000000)
  region size 2048K, 2 young (4096K), 2 survivors (4096K)
 Metaspace       used 23156K, committed 23488K, reserved 1114112K
  class space    used 2024K, committed 2176K, reserved 1048576K
}
Event: 6.065 GC heap before
{Heap before GC invocations=17 (full 0):
 garbage-first heap   total 153600K, used 77176K [0x0000000700e00000, 0x0000000800000000)
  region size 2048K, 4 young (8192K), 2 survivors (4096K)
 Metaspace       used 23228K, committed 23552K, reserved 1114112K
  class space    used 2031K, committed 2176K, reserved 1048576K
}
Event: 6.066 GC heap after
{Heap after GC invocations=18 (full 0):
 garbage-first heap   total 153600K, used 72290K [0x0000000700e00000, 0x0000000800000000)
  region size 2048K, 2 young (4096K), 2 survivors (4096K)
 Metaspace       used 23228K, committed 23552K, reserved 1114112K
  class space    used 2031K, committed 2176K, reserved 1048576K
}
Event: 6.710 GC heap before
{Heap before GC invocations=19 (full 0):
 garbage-first heap   total 153600K, used 88674K [0x0000000700e00000, 0x0000000800000000)
  region size 2048K, 9 young (18432K), 2 survivors (4096K)
 Metaspace       used 23501K, committed 23808K, reserved 1114112K
  class space    used 2032K, committed 2176K, reserved 1048576K
}
Event: 6.711 GC heap after
{Heap after GC invocations=20 (full 0):
 garbage-first heap   total 153600K, used 72290K [0x0000000700e00000, 0x0000000800000000)
  region size 2048K, 2 young (4096K), 2 survivors (4096K)
 Metaspace       used 23501K, committed 23808K, reserved 1114112K
  class space    used 2032K, committed 2176K, reserved 1048576K
}
Event: 6.726 GC heap before
{Heap before GC invocations=20 (full 0):
 garbage-first heap   total 153600K, used 76386K [0x0000000700e00000, 0x0000000800000000)
  region size 2048K, 3 young (6144K), 2 survivors (4096K)
 Metaspace       used 23501K, committed 23808K, reserved 1114112K
  class space    used 2032K, committed 2176K, reserved 1048576K
}
Event: 6.738 GC heap after
{Heap after GC invocations=21 (full 1):
 garbage-first heap   total 153600K, used 74023K [0x0000000700e00000, 0x0000000800000000)
  region size 2048K, 0 young (0K), 0 survivors (0K)
 Metaspace       used 23501K, committed 23808K, reserved 1114112K
  class space    used 2032K, committed 2176K, reserved 1048576K
}

