# JRE version: OpenJDK Runtime Environment Corretto-17.0.11.9.1 (17.0.11+9) (build 17.0.11+9-LTS)
# Java VM: OpenJDK 64-Bit Server VM Corretto-17.0.11.9.1 (17.0.11+9-LTS, mixed mode, sharing, tiered, compressed oops, compressed class ptrs, g1 gc, windows-amd64)
GC Precious Log:
 CPUs: 4 total, 4 available
 Memory: 16327M
 Large Page Support: Disabled
 NUMA Support: Disabled
 Compressed Oops: Enabled (Zero based)
 Heap Region Size: 2M
 Heap Min Capacity: 8M
 Heap Initial Capacity: 256M
 Heap Max Capacity: 4082M
 Pre-touch: Disabled
 Parallel Workers: 4
 Concurrent Workers: 1
 Concurrent Refinement Workers: 4
 Periodic GC: Disabled
Heap:
 garbage-first heap   total 190464K, used 76030K [0x0000000700e00000, 0x0000000800000000)
  region size 2048K, 1 young (2048K), 0 survivors (0K)
 Metaspace       used 23561K, committed 23808K, reserved 1114112K
  class space    used 2039K, committed 2176K, reserved 1048576K
GC Heap History (20 events):
Event: 4.703 GC heap before
{Heap before GC invocations=8 (full 0):
 garbage-first heap   total 96256K, used 69504K [0x0000000700e00000, 0x0000000800000000)
  region size 2048K, 21 young (43008K), 3 survivors (6144K)
 Metaspace       used 22160K, committed 22400K, reserved 1114112K
  class space    used 1950K, committed 2048K, reserved 1048576K
}
Event: 4.706 GC heap after
{Heap after GC invocations=9 (full 0):
 garbage-first heap   total 96256K, used 45376K [0x0000000700e00000, 0x0000000800000000)
  region size 2048K, 3 young (6144K), 3 survivors (6144K)
 Metaspace       used 22160K, committed 22400K, reserved 1114112K
  class space    used 1950K, committed 2048K, reserved 1048576K
}
Event: 4.825 GC heap before
{Heap before GC invocations=9 (full 0):
 garbage-first heap   total 96256K, used 67904K [0x0000000700e00000, 0x0000000800000000)
  region size 2048K, 15 young (30720K), 3 survivors (6144K)
 Metaspace       used 22173K, committed 22400K, reserved 1114112K
  class space    used 1950K, committed 2048K, reserved 1048576K
}
Event: 4.827 GC heap after
{Heap after GC invocations=10 (full 0):
 garbage-first heap   total 96256K, used 52288K [0x0000000700e00000, 0x0000000800000000)
  region size 2048K, 2 young (4096K), 2 survivors (4096K)
 Metaspace       used 22173K, committed 22400K, reserved 1114112K
  class space    used 1950K, committed 2048K, reserved 1048576K
}
Event: 4.922 GC heap before
{Heap before GC invocations=10 (full 0):
 garbage-first heap   total 96256K, used 68672K [0x0000000700e00000, 0x0000000800000000)
  region size 2048K, 11 young (22528K), 2 survivors (4096K)
 Metaspace       used 22198K, committed 22400K, reserved 1114112K
  class space    used 1950K, committed 2048K, reserved 1048576K
}
Event: 4.924 GC heap after
{Heap after GC invocations=11 (full 0):
 garbage-first heap   total 157696K, used 57664K [0x0000000700e00000, 0x0000000800000000)
  region size 2048K, 2 young (4096K), 2 survivors (4096K)
 Metaspace       used 22198K, committed 22400K, reserved 1114112K
  class space    used 1950K, committed 2048K, reserved 1048576K
}
Event: 5.290 GC heap before
{Heap before GC invocations=12 (full 0):
 garbage-first heap   total 157696K, used 106816K [0x0000000700e00000, 0x0000000800000000)
  region size 2048K, 26 young (53248K), 2 survivors (4096K)
 Metaspace       used 22706K, committed 22912K, reserved 1114112K
  class space    used 2004K, committed 2112K, reserved 1048576K
}
Event: 5.294 GC heap after
{Heap after GC invocations=13 (full 0):
 garbage-first heap   total 157696K, used 71621K [0x0000000700e00000, 0x0000000800000000)
  region size 2048K, 4 young (8192K), 4 survivors (8192K)
 Metaspace       used 22706K, committed 22912K, reserved 1114112K
  class space    used 2004K, committed 2112K, reserved 1048576K
}
Event: 5.651 GC heap before
{Heap before GC invocations=13 (full 0):
 garbage-first heap   total 157696K, used 71621K [0x0000000700e00000, 0x0000000800000000)
  region size 2048K, 5 young (10240K), 4 survivors (8192K)
 Metaspace       used 22810K, committed 23040K, reserved 1114112K
  class space    used 2011K, committed 2112K, reserved 1048576K
}
Event: 5.653 GC heap after
{Heap after GC invocations=14 (full 0):
 garbage-first heap   total 157696K, used 71839K [0x0000000700e00000, 0x0000000800000000)
  region size 2048K, 1 young (2048K), 1 survivors (2048K)
 Metaspace       used 22810K, committed 23040K, reserved 1114112K
  class space    used 2011K, committed 2112K, reserved 1048576K
}
Event: 5.672 GC heap before
{Heap before GC invocations=15 (full 0):
 garbage-first heap   total 157696K, used 84127K [0x0000000700e00000, 0x0000000800000000)
  region size 2048K, 2 young (4096K), 1 survivors (2048K)
 Metaspace       used 22812K, committed 23040K, reserved 1114112K
  class space    used 2011K, committed 2112K, reserved 1048576K
}
Event: 5.673 GC heap after
{Heap after GC invocations=16 (full 0):
 garbage-first heap   total 157696K, used 71837K [0x0000000700e00000, 0x0000000800000000)
  region size 2048K, 1 young (2048K), 1 survivors (2048K)
 Metaspace       used 22812K, committed 23040K, reserved 1114112K
  class space    used 2011K, committed 2112K, reserved 1048576K
}
Event: 6.100 GC heap before
{Heap before GC invocations=17 (full 0):
 garbage-first heap   total 157696K, used 92317K [0x0000000700e00000, 0x0000000800000000)
  region size 2048K, 6 young (12288K), 1 survivors (2048K)
 Metaspace       used 23112K, committed 23360K, reserved 1114112K
  class space    used 2024K, committed 2176K, reserved 1048576K
}
Event: 6.102 GC heap after
{Heap after GC invocations=18 (full 0):
 garbage-first heap   total 157696K, used 72903K [0x0000000700e00000, 0x0000000800000000)
  region size 2048K, 1 young (2048K), 1 survivors (2048K)
 Metaspace       used 23112K, committed 23360K, reserved 1114112K
  class space    used 2024K, committed 2176K, reserved 1048576K
}
Event: 6.191 GC heap before
{Heap before GC invocations=19 (full 0):
 garbage-first heap   total 157696K, used 79047K [0x0000000700e00000, 0x0000000800000000)
  region size 2048K, 3 young (6144K), 1 survivors (2048K)
 Metaspace       used 23186K, committed 23488K, reserved 1114112K
  class space    used 2031K, committed 2176K, reserved 1048576K
}
Event: 6.192 GC heap after
{Heap after GC invocations=20 (full 0):
 garbage-first heap   total 157696K, used 74294K [0x0000000700e00000, 0x0000000800000000)
  region size 2048K, 1 young (2048K), 1 survivors (2048K)
 Metaspace       used 23186K, committed 23488K, reserved 1114112K
  class space    used 2031K, committed 2176K, reserved 1048576K
}
Event: 6.830 GC heap before
{Heap before GC invocations=21 (full 0):
 garbage-first heap   total 157696K, used 90678K [0x0000000700e00000, 0x0000000800000000)
  region size 2048K, 8 young (16384K), 1 survivors (2048K)
 Metaspace       used 23468K, committed 23744K, reserved 1114112K
  class space    used 2032K, committed 2176K, reserved 1048576K
}
Event: 6.831 GC heap after
{Heap after GC invocations=22 (full 0):
 garbage-first heap   total 190464K, used 74303K [0x0000000700e00000, 0x0000000800000000)
  region size 2048K, 1 young (2048K), 1 survivors (2048K)
 Metaspace       used 23468K, committed 23744K, reserved 1114112K
  class space    used 2032K, committed 2176K, reserved 1048576K
}
Event: 6.844 GC heap before
{Heap before GC invocations=22 (full 0):
 garbage-first heap   total 190464K, used 78399K [0x0000000700e00000, 0x0000000800000000)
  region size 2048K, 2 young (4096K), 1 survivors (2048K)
 Metaspace       used 23468K, committed 23744K, reserved 1114112K
  class space    used 2032K, committed 2176K, reserved 1048576K
}
Event: 6.855 GC heap after
{Heap after GC invocations=23 (full 1):
 garbage-first heap   total 190464K, used 76030K [0x0000000700e00000, 0x0000000800000000)
  region size 2048K, 0 young (0K), 0 survivors (0K)
 Metaspace       used 23468K, committed 23744K, reserved 1114112K
  class space    used 2032K, committed 2176K, reserved 1048576K
}

