# JRE version: Java(TM) SE Runtime Environment (17.0.1+12) (build 17.0.1+12-LTS-39)
# Java VM: Java HotSpot(TM) 64-Bit Server VM (17.0.1+12-LTS-39, mixed mode, sharing, tiered, compressed oops, compressed class ptrs, g1 gc, windows-amd64)
GC Precious Log:
 CPUs: 16 total, 16 available
 Memory: 15695M
 Large Page Support: Disabled
 NUMA Support: Disabled
 Compressed Oops: Enabled (Zero based)
 Heap Region Size: 2M
 Heap Min Capacity: 8M
 Heap Initial Capacity: 246M
 Heap Max Capacity: 3924M
 Pre-touch: Disabled
 Parallel Workers: 13
 Concurrent Workers: 3
 Concurrent Refinement Workers: 13
 Periodic GC: Disabled
Heap:
 garbage-first heap   total 303104K, used 150890K [0x000000070ac00000, 0x0000000800000000)
  region size 2048K, 15 young (30720K), 5 survivors (10240K)
 Metaspace       used 22564K, committed 22848K, reserved 1073152K
  class space    used 1896K, committed 2048K, reserved 1048576K
GC Heap History (20 events):
Event: 1.299 GC heap before
{Heap before GC invocations=0 (full 0):
 garbage-first heap   total 251904K, used 24576K [0x000000070ac00000, 0x0000000800000000)
  region size 2048K, 11 young (22528K), 0 survivors (0K)
 Metaspace       used 8664K, committed 8832K, reserved 1056768K
  class space    used 899K, committed 960K, reserved 1048576K
}
Event: 1.305 GC heap after
{Heap after GC invocations=1 (full 0):
 garbage-first heap   total 251904K, used 8227K [0x000000070ac00000, 0x0000000800000000)
  region size 2048K, 2 young (4096K), 2 survivors (4096K)
 Metaspace       used 8664K, committed 8832K, reserved 1056768K
  class space    used 899K, committed 960K, reserved 1048576K
}
Event: 1.917 GC heap before
{Heap before GC invocations=1 (full 0):
 garbage-first heap   total 251904K, used 45091K [0x000000070ac00000, 0x0000000800000000)
  region size 2048K, 17 young (34816K), 2 survivors (4096K)
 Metaspace       used 9773K, committed 9856K, reserved 1064960K
  class space    used 1050K, committed 1088K, reserved 1048576K
}
Event: 1.924 GC heap after
{Heap after GC invocations=2 (full 0):
 garbage-first heap   total 251904K, used 17858K [0x000000070ac00000, 0x0000000800000000)
  region size 2048K, 3 young (6144K), 3 survivors (6144K)
 Metaspace       used 9773K, committed 9856K, reserved 1064960K
  class space    used 1050K, committed 1088K, reserved 1048576K
}
Event: 3.452 GC heap before
{Heap before GC invocations=2 (full 0):
 garbage-first heap   total 251904K, used 159170K [0x000000070ac00000, 0x0000000800000000)
  region size 2048K, 73 young (149504K), 3 survivors (6144K)
 Metaspace       used 9930K, committed 10048K, reserved 1064960K
  class space    used 1050K, committed 1088K, reserved 1048576K
}
Event: 3.470 GC heap after
{Heap after GC invocations=3 (full 0):
 garbage-first heap   total 251904K, used 58604K [0x000000070ac00000, 0x0000000800000000)
  region size 2048K, 10 young (20480K), 10 survivors (20480K)
 Metaspace       used 9930K, committed 10048K, reserved 1064960K
  class space    used 1050K, committed 1088K, reserved 1048576K
}
Event: 4.408 GC heap before
{Heap before GC invocations=3 (full 0):
 garbage-first heap   total 251904K, used 128236K [0x000000070ac00000, 0x0000000800000000)
  region size 2048K, 39 young (79872K), 10 survivors (20480K)
 Metaspace       used 10719K, committed 10944K, reserved 1064960K
  class space    used 1098K, committed 1216K, reserved 1048576K
}
Event: 4.416 GC heap after
{Heap after GC invocations=4 (full 0):
 garbage-first heap   total 251904K, used 68804K [0x000000070ac00000, 0x0000000800000000)
  region size 2048K, 1 young (2048K), 1 survivors (2048K)
 Metaspace       used 10719K, committed 10944K, reserved 1064960K
  class space    used 1098K, committed 1216K, reserved 1048576K
}
Event: 7.866 GC heap before
{Heap before GC invocations=4 (full 0):
 garbage-first heap   total 251904K, used 173252K [0x000000070ac00000, 0x0000000800000000)
  region size 2048K, 43 young (88064K), 1 survivors (2048K)
 Metaspace       used 20157K, committed 20352K, reserved 1073152K
  class space    used 1792K, committed 1856K, reserved 1048576K
}
Event: 7.871 GC heap after
{Heap after GC invocations=5 (full 0):
 garbage-first heap   total 251904K, used 73601K [0x000000070ac00000, 0x0000000800000000)
  region size 2048K, 2 young (4096K), 2 survivors (4096K)
 Metaspace       used 20157K, committed 20352K, reserved 1073152K
  class space    used 1792K, committed 1856K, reserved 1048576K
}
Event: 8.840 GC heap before
{Heap before GC invocations=5 (full 0):
 garbage-first heap   total 251904K, used 106369K [0x000000070ac00000, 0x0000000800000000)
  region size 2048K, 7 young (14336K), 2 survivors (4096K)
 Metaspace       used 21359K, committed 21504K, reserved 1073152K
  class space    used 1856K, committed 1920K, reserved 1048576K
}
Event: 8.844 GC heap after
{Heap after GC invocations=6 (full 0):
 garbage-first heap   total 251904K, used 73950K [0x000000070ac00000, 0x0000000800000000)
  region size 2048K, 2 young (4096K), 2 survivors (4096K)
 Metaspace       used 21359K, committed 21504K, reserved 1073152K
  class space    used 1856K, committed 1920K, reserved 1048576K
}
Event: 14.057 GC heap before
{Heap before GC invocations=7 (full 0):
 garbage-first heap   total 251904K, used 207070K [0x000000070ac00000, 0x0000000800000000)
  region size 2048K, 53 young (108544K), 2 survivors (4096K)
 Metaspace       used 22233K, committed 22528K, reserved 1073152K
  class space    used 1880K, committed 2048K, reserved 1048576K
}
Event: 14.060 GC heap after
{Heap after GC invocations=8 (full 0):
 garbage-first heap   total 251904K, used 86777K [0x000000070ac00000, 0x0000000800000000)
  region size 2048K, 2 young (4096K), 2 survivors (4096K)
 Metaspace       used 22233K, committed 22528K, reserved 1073152K
  class space    used 1880K, committed 2048K, reserved 1048576K
}
Event: 16.407 GC heap before
{Heap before GC invocations=8 (full 0):
 garbage-first heap   total 251904K, used 140025K [0x000000070ac00000, 0x0000000800000000)
  region size 2048K, 25 young (51200K), 2 survivors (4096K)
 Metaspace       used 22350K, committed 22656K, reserved 1073152K
  class space    used 1882K, committed 2048K, reserved 1048576K
}
Event: 16.427 GC heap after
{Heap after GC invocations=9 (full 1):
 garbage-first heap   total 251904K, used 88779K [0x000000070ac00000, 0x0000000800000000)
  region size 2048K, 0 young (0K), 0 survivors (0K)
 Metaspace       used 22350K, committed 22656K, reserved 1073152K
  class space    used 1882K, committed 2048K, reserved 1048576K
}
Event: 16.900 GC heap before
{Heap before GC invocations=9 (full 1):
 garbage-first heap   total 251904K, used 185035K [0x000000070ac00000, 0x0000000800000000)
  region size 2048K, 48 young (98304K), 0 survivors (0K)
 Metaspace       used 22500K, committed 22784K, reserved 1073152K
  class space    used 1890K, committed 2048K, reserved 1048576K
}
Event: 16.906 GC heap after
{Heap after GC invocations=10 (full 1):
 garbage-first heap   total 251904K, used 124562K [0x000000070ac00000, 0x0000000800000000)
  region size 2048K, 6 young (12288K), 6 survivors (12288K)
 Metaspace       used 22500K, committed 22784K, reserved 1073152K
  class space    used 1890K, committed 2048K, reserved 1048576K
}
Event: 17.148 GC heap before
{Heap before GC invocations=10 (full 1):
 garbage-first heap   total 251904K, used 183954K [0x000000070ac00000, 0x0000000800000000)
  region size 2048K, 35 young (71680K), 6 survivors (12288K)
 Metaspace       used 22514K, committed 22784K, reserved 1073152K
  class space    used 1890K, committed 2048K, reserved 1048576K
}
Event: 17.154 GC heap after
{Heap after GC invocations=11 (full 1):
 garbage-first heap   total 303104K, used 146794K [0x000000070ac00000, 0x0000000800000000)
  region size 2048K, 5 young (10240K), 5 survivors (10240K)
 Metaspace       used 22514K, committed 22784K, reserved 1073152K
  class space    used 1890K, committed 2048K, reserved 1048576K
}

