# JRE version: OpenJDK Runtime Environment Corretto-17.0.11.9.1 (17.0.11+9) (build 17.0.11+9-LTS)
# Java VM: OpenJDK 64-Bit Server VM Corretto-17.0.11.9.1 (17.0.11+9-LTS, mixed mode, sharing, tiered, compressed oops, compressed class ptrs, g1 gc, windows-amd64)
GC Precious Log:
 CPUs: 4 total, 4 available
 Memory: 16327M
 Large Page Support: Disabled
 NUMA Support: Disabled
 Compressed Oops: Enabled (Zero based)
 Heap Region Size: 2M
 Heap Min Capacity: 8M
 Heap Initial Capacity: 256M
 Heap Max Capacity: 4082M
 Pre-touch: Disabled
 Parallel Workers: 4
 Concurrent Workers: 1
 Concurrent Refinement Workers: 4
 Periodic GC: Disabled
Heap:
 garbage-first heap   total 180224K, used 76056K [0x0000000700e00000, 0x0000000800000000)
  region size 2048K, 1 young (2048K), 0 survivors (0K)
 Metaspace       used 23605K, committed 23872K, reserved 1114112K
  class space    used 2039K, committed 2176K, reserved 1048576K
GC Heap History (20 events):
Event: 4.273 GC heap before
{Heap before GC invocations=6 (full 0):
 garbage-first heap   total 96256K, used 25247K [0x0000000700e00000, 0x0000000800000000)
  region size 2048K, 4 young (8192K), 3 survivors (6144K)
 Metaspace       used 21964K, committed 22208K, reserved 1114112K
  class space    used 1947K, committed 2048K, reserved 1048576K
}
Event: 4.279 GC heap after
{Heap after GC invocations=7 (full 0):
 garbage-first heap   total 96256K, used 24970K [0x0000000700e00000, 0x0000000800000000)
  region size 2048K, 1 young (2048K), 1 survivors (2048K)
 Metaspace       used 21964K, committed 22208K, reserved 1114112K
  class space    used 1947K, committed 2048K, reserved 1048576K
}
Event: 4.580 GC heap before
{Heap before GC invocations=7 (full 0):
 garbage-first heap   total 96256K, used 76170K [0x0000000700e00000, 0x0000000800000000)
  region size 2048K, 24 young (49152K), 1 survivors (2048K)
 Metaspace       used 22107K, committed 22336K, reserved 1114112K
  class space    used 1950K, committed 2048K, reserved 1048576K
}
Event: 4.582 GC heap after
{Heap after GC invocations=8 (full 0):
 garbage-first heap   total 96256K, used 34560K [0x0000000700e00000, 0x0000000800000000)
  region size 2048K, 3 young (6144K), 3 survivors (6144K)
 Metaspace       used 22107K, committed 22336K, reserved 1114112K
  class space    used 1950K, committed 2048K, reserved 1048576K
}
Event: 4.771 GC heap before
{Heap before GC invocations=8 (full 0):
 garbage-first heap   total 96256K, used 71424K [0x0000000700e00000, 0x0000000800000000)
  region size 2048K, 21 young (43008K), 3 survivors (6144K)
 Metaspace       used 22160K, committed 22400K, reserved 1114112K
  class space    used 1950K, committed 2048K, reserved 1048576K
}
Event: 4.773 GC heap after
{Heap after GC invocations=9 (full 0):
 garbage-first heap   total 96256K, used 45184K [0x0000000700e00000, 0x0000000800000000)
  region size 2048K, 3 young (6144K), 3 survivors (6144K)
 Metaspace       used 22160K, committed 22400K, reserved 1114112K
  class space    used 1950K, committed 2048K, reserved 1048576K
}
Event: 4.893 GC heap before
{Heap before GC invocations=9 (full 0):
 garbage-first heap   total 96256K, used 67712K [0x0000000700e00000, 0x0000000800000000)
  region size 2048K, 15 young (30720K), 3 survivors (6144K)
 Metaspace       used 22173K, committed 22400K, reserved 1114112K
  class space    used 1950K, committed 2048K, reserved 1048576K
}
Event: 4.895 GC heap after
{Heap after GC invocations=10 (full 0):
 garbage-first heap   total 96256K, used 52096K [0x0000000700e00000, 0x0000000800000000)
  region size 2048K, 2 young (4096K), 2 survivors (4096K)
 Metaspace       used 22173K, committed 22400K, reserved 1114112K
  class space    used 1950K, committed 2048K, reserved 1048576K
}
Event: 4.991 GC heap before
{Heap before GC invocations=10 (full 0):
 garbage-first heap   total 96256K, used 68480K [0x0000000700e00000, 0x0000000800000000)
  region size 2048K, 11 young (22528K), 2 survivors (4096K)
 Metaspace       used 22202K, committed 22400K, reserved 1114112K
  class space    used 1950K, committed 2048K, reserved 1048576K
}
Event: 4.992 GC heap after
{Heap after GC invocations=11 (full 0):
 garbage-first heap   total 96256K, used 57408K [0x0000000700e00000, 0x0000000800000000)
  region size 2048K, 2 young (4096K), 2 survivors (4096K)
 Metaspace       used 22202K, committed 22400K, reserved 1114112K
  class space    used 1950K, committed 2048K, reserved 1048576K
}
Event: 5.070 GC heap before
{Heap before GC invocations=12 (full 0):
 garbage-first heap   total 106496K, used 69696K [0x0000000700e00000, 0x0000000800000000)
  region size 2048K, 9 young (18432K), 2 survivors (4096K)
 Metaspace       used 22202K, committed 22400K, reserved 1114112K
  class space    used 1950K, committed 2048K, reserved 1048576K
}
Event: 5.072 GC heap after
{Heap after GC invocations=13 (full 0):
 garbage-first heap   total 180224K, used 61568K [0x0000000700e00000, 0x0000000800000000)
  region size 2048K, 2 young (4096K), 2 survivors (4096K)
 Metaspace       used 22202K, committed 22400K, reserved 1114112K
  class space    used 1950K, committed 2048K, reserved 1048576K
}
Event: 5.717 GC heap before
{Heap before GC invocations=13 (full 0):
 garbage-first heap   total 180224K, used 108672K [0x0000000700e00000, 0x0000000800000000)
  region size 2048K, 20 young (40960K), 2 survivors (4096K)
 Metaspace       used 22810K, committed 23040K, reserved 1114112K
  class space    used 2011K, committed 2112K, reserved 1048576K
}
Event: 5.719 GC heap after
{Heap after GC invocations=14 (full 0):
 garbage-first heap   total 180224K, used 71936K [0x0000000700e00000, 0x0000000800000000)
  region size 2048K, 4 young (8192K), 4 survivors (8192K)
 Metaspace       used 22810K, committed 23040K, reserved 1114112K
  class space    used 2011K, committed 2112K, reserved 1048576K
}
Event: 6.315 GC heap before
{Heap before GC invocations=14 (full 0):
 garbage-first heap   total 180224K, used 100608K [0x0000000700e00000, 0x0000000800000000)
  region size 2048K, 11 young (22528K), 4 survivors (8192K)
 Metaspace       used 23218K, committed 23488K, reserved 1114112K
  class space    used 2031K, committed 2176K, reserved 1048576K
}
Event: 6.317 GC heap after
{Heap after GC invocations=15 (full 0):
 garbage-first heap   total 180224K, used 75105K [0x0000000700e00000, 0x0000000800000000)
  region size 2048K, 1 young (2048K), 1 survivors (2048K)
 Metaspace       used 23218K, committed 23488K, reserved 1114112K
  class space    used 2031K, committed 2176K, reserved 1048576K
}
Event: 6.984 GC heap before
{Heap before GC invocations=15 (full 0):
 garbage-first heap   total 180224K, used 95585K [0x0000000700e00000, 0x0000000800000000)
  region size 2048K, 9 young (18432K), 1 survivors (2048K)
 Metaspace       used 23506K, committed 23808K, reserved 1114112K
  class space    used 2032K, committed 2176K, reserved 1048576K
}
Event: 6.985 GC heap after
{Heap after GC invocations=16 (full 0):
 garbage-first heap   total 180224K, used 77253K [0x0000000700e00000, 0x0000000800000000)
  region size 2048K, 1 young (2048K), 1 survivors (2048K)
 Metaspace       used 23506K, committed 23808K, reserved 1114112K
  class space    used 2032K, committed 2176K, reserved 1048576K
}
Event: 6.992 GC heap before
{Heap before GC invocations=16 (full 0):
 garbage-first heap   total 180224K, used 79301K [0x0000000700e00000, 0x0000000800000000)
  region size 2048K, 2 young (4096K), 1 survivors (2048K)
 Metaspace       used 23506K, committed 23808K, reserved 1114112K
  class space    used 2032K, committed 2176K, reserved 1048576K
}
Event: 7.003 GC heap after
{Heap after GC invocations=17 (full 1):
 garbage-first heap   total 180224K, used 76056K [0x0000000700e00000, 0x0000000800000000)
  region size 2048K, 0 young (0K), 0 survivors (0K)
 Metaspace       used 23506K, committed 23808K, reserved 1114112K
  class space    used 2032K, committed 2176K, reserved 1048576K
}

