# JRE version: OpenJDK Runtime Environment Corretto-17.0.11.9.1 (17.0.11+9) (build 17.0.11+9-LTS)
# Java VM: OpenJDK 64-Bit Server VM Corretto-17.0.11.9.1 (17.0.11+9-LTS, mixed mode, sharing, tiered, compressed oops, compressed class ptrs, g1 gc, windows-amd64)
GC Precious Log:
 CPUs: 4 total, 4 available
 Memory: 16327M
 Large Page Support: Disabled
 NUMA Support: Disabled
 Compressed Oops: Enabled (Zero based)
 Heap Region Size: 2M
 Heap Min Capacity: 8M
 Heap Initial Capacity: 256M
 Heap Max Capacity: 4082M
 Pre-touch: Disabled
 Parallel Workers: 4
 Concurrent Workers: 1
 Concurrent Refinement Workers: 4
 Periodic GC: Disabled
Heap:
 garbage-first heap   total 161792K, used 73846K [0x0000000700e00000, 0x0000000800000000)
  region size 2048K, 1 young (2048K), 0 survivors (0K)
 Metaspace       used 23770K, committed 24064K, reserved 1114112K
  class space    used 2041K, committed 2176K, reserved 1048576K
GC Heap History (20 events):
Event: 4.338 GC heap before
{Heap before GC invocations=7 (full 0):
 garbage-first heap   total 90112K, used 68229K [0x0000000700e00000, 0x0000000800000000)
  region size 2048K, 22 young (45056K), 1 survivors (2048K)
 Metaspace       used 22123K, committed 22336K, reserved 1114112K
  class space    used 1952K, committed 2048K, reserved 1048576K
}
Event: 4.339 GC heap after
{Heap after GC invocations=8 (full 0):
 garbage-first heap   total 90112K, used 30310K [0x0000000700e00000, 0x0000000800000000)
  region size 2048K, 3 young (6144K), 3 survivors (6144K)
 Metaspace       used 22123K, committed 22336K, reserved 1114112K
  class space    used 1952K, committed 2048K, reserved 1048576K
}
Event: 4.538 GC heap before
{Heap before GC invocations=8 (full 0):
 garbage-first heap   total 90112K, used 65126K [0x0000000700e00000, 0x0000000800000000)
  region size 2048K, 21 young (43008K), 3 survivors (6144K)
 Metaspace       used 22174K, committed 22400K, reserved 1114112K
  class space    used 1952K, committed 2048K, reserved 1048576K
}
Event: 4.540 GC heap after
{Heap after GC invocations=9 (full 0):
 garbage-first heap   total 90112K, used 41088K [0x0000000700e00000, 0x0000000800000000)
  region size 2048K, 3 young (6144K), 3 survivors (6144K)
 Metaspace       used 22174K, committed 22400K, reserved 1114112K
  class space    used 1952K, committed 2048K, reserved 1048576K
}
Event: 4.657 GC heap before
{Heap before GC invocations=9 (full 0):
 garbage-first heap   total 90112K, used 63616K [0x0000000700e00000, 0x0000000800000000)
  region size 2048K, 14 young (28672K), 3 survivors (6144K)
 Metaspace       used 22205K, committed 22400K, reserved 1114112K
  class space    used 1952K, committed 2048K, reserved 1048576K
}
Event: 4.659 GC heap after
{Heap after GC invocations=10 (full 0):
 garbage-first heap   total 161792K, used 47424K [0x0000000700e00000, 0x0000000800000000)
  region size 2048K, 2 young (4096K), 2 survivors (4096K)
 Metaspace       used 22205K, committed 22400K, reserved 1114112K
  class space    used 1952K, committed 2048K, reserved 1048576K
}
Event: 4.992 GC heap before
{Heap before GC invocations=10 (full 0):
 garbage-first heap   total 161792K, used 108864K [0x0000000700e00000, 0x0000000800000000)
  region size 2048K, 32 young (65536K), 2 survivors (4096K)
 Metaspace       used 22236K, committed 22464K, reserved 1114112K
  class space    used 1952K, committed 2048K, reserved 1048576K
}
Event: 4.996 GC heap after
{Heap after GC invocations=11 (full 0):
 garbage-first heap   total 161792K, used 65092K [0x0000000700e00000, 0x0000000800000000)
  region size 2048K, 4 young (8192K), 4 survivors (8192K)
 Metaspace       used 22236K, committed 22464K, reserved 1114112K
  class space    used 1952K, committed 2048K, reserved 1048576K
}
Event: 5.472 GC heap before
{Heap before GC invocations=11 (full 0):
 garbage-first heap   total 161792K, used 89668K [0x0000000700e00000, 0x0000000800000000)
  region size 2048K, 13 young (26624K), 4 survivors (8192K)
 Metaspace       used 22844K, committed 23104K, reserved 1114112K
  class space    used 2013K, committed 2112K, reserved 1048576K
}
Event: 5.474 GC heap after
{Heap after GC invocations=12 (full 0):
 garbage-first heap   total 161792K, used 69964K [0x0000000700e00000, 0x0000000800000000)
  region size 2048K, 3 young (6144K), 3 survivors (6144K)
 Metaspace       used 22844K, committed 23104K, reserved 1114112K
  class space    used 2013K, committed 2112K, reserved 1048576K
}
Event: 6.526 GC heap before
{Heap before GC invocations=12 (full 0):
 garbage-first heap   total 161792K, used 102732K [0x0000000700e00000, 0x0000000800000000)
  region size 2048K, 15 young (30720K), 3 survivors (6144K)
 Metaspace       used 23395K, committed 23680K, reserved 1114112K
  class space    used 2026K, committed 2176K, reserved 1048576K
}
Event: 6.528 GC heap after
{Heap after GC invocations=13 (full 0):
 garbage-first heap   total 161792K, used 70959K [0x0000000700e00000, 0x0000000800000000)
  region size 2048K, 1 young (2048K), 1 survivors (2048K)
 Metaspace       used 23395K, committed 23680K, reserved 1114112K
  class space    used 2026K, committed 2176K, reserved 1048576K
}
Event: 6.535 GC heap before
{Heap before GC invocations=13 (full 0):
 garbage-first heap   total 161792K, used 73007K [0x0000000700e00000, 0x0000000800000000)
  region size 2048K, 2 young (4096K), 1 survivors (2048K)
 Metaspace       used 23396K, committed 23680K, reserved 1114112K
  class space    used 2026K, committed 2176K, reserved 1048576K
}
Event: 6.537 GC heap after
{Heap after GC invocations=14 (full 0):
 garbage-first heap   total 161792K, used 73072K [0x0000000700e00000, 0x0000000800000000)
  region size 2048K, 1 young (2048K), 1 survivors (2048K)
 Metaspace       used 23396K, committed 23680K, reserved 1114112K
  class space    used 2026K, committed 2176K, reserved 1048576K
}
Event: 6.616 GC heap before
{Heap before GC invocations=15 (full 0):
 garbage-first heap   total 161792K, used 75120K [0x0000000700e00000, 0x0000000800000000)
  region size 2048K, 2 young (4096K), 1 survivors (2048K)
 Metaspace       used 23474K, committed 23744K, reserved 1114112K
  class space    used 2033K, committed 2176K, reserved 1048576K
}
Event: 6.617 GC heap after
{Heap after GC invocations=16 (full 0):
 garbage-first heap   total 161792K, used 72342K [0x0000000700e00000, 0x0000000800000000)
  region size 2048K, 1 young (2048K), 1 survivors (2048K)
 Metaspace       used 23474K, committed 23744K, reserved 1114112K
  class space    used 2033K, committed 2176K, reserved 1048576K
}
Event: 7.476 GC heap before
{Heap before GC invocations=17 (full 0):
 garbage-first heap   total 161792K, used 92822K [0x0000000700e00000, 0x0000000800000000)
  region size 2048K, 10 young (20480K), 1 survivors (2048K)
 Metaspace       used 23672K, committed 23936K, reserved 1114112K
  class space    used 2034K, committed 2176K, reserved 1048576K
}
Event: 7.477 GC heap after
{Heap after GC invocations=18 (full 0):
 garbage-first heap   total 161792K, used 72375K [0x0000000700e00000, 0x0000000800000000)
  region size 2048K, 1 young (2048K), 1 survivors (2048K)
 Metaspace       used 23672K, committed 23936K, reserved 1114112K
  class space    used 2034K, committed 2176K, reserved 1048576K
}
Event: 7.493 GC heap before
{Heap before GC invocations=18 (full 0):
 garbage-first heap   total 161792K, used 76471K [0x0000000700e00000, 0x0000000800000000)
  region size 2048K, 2 young (4096K), 1 survivors (2048K)
 Metaspace       used 23672K, committed 23936K, reserved 1114112K
  class space    used 2034K, committed 2176K, reserved 1048576K
}
Event: 7.505 GC heap after
{Heap after GC invocations=19 (full 1):
 garbage-first heap   total 161792K, used 73846K [0x0000000700e00000, 0x0000000800000000)
  region size 2048K, 0 young (0K), 0 survivors (0K)
 Metaspace       used 23672K, committed 23936K, reserved 1114112K
  class space    used 2034K, committed 2176K, reserved 1048576K
}

