# JRE version: Java(TM) SE Runtime Environment (21.0.1+12) (build 21.0.1+12-LTS-29)
# Java VM: Java HotSpot(TM) 64-Bit Server VM (21.0.1+12-LTS-29, mixed mode, sharing, tiered, compressed oops, compressed class ptrs, g1 gc, windows-amd64)
GC Precious Log:
 CardTable entry size: 512
 Card Set container configuration: InlinePtr #cards 4 size 8 Array Of Cards #cards 16 size 48 Howl #buckets 8 coarsen threshold 3686 Howl Bitmap #cards 512 size 80 coarsen threshold 460 Card regions per heap region 1 cards per card region 4096
 CPUs: 4 total, 4 available
 Memory: 16327M
 Large Page Support: Disabled
 NUMA Support: Disabled
 Compressed Oops: Enabled (Zero based)
 Heap Region Size: 2M
 Heap Min Capacity: 8M
 Heap Initial Capacity: 256M
 Heap Max Capacity: 4082M
 Pre-touch: Disabled
 Parallel Workers: 4
 Concurrent Workers: 1
 Concurrent Refinement Workers: 4
 Periodic GC: Disabled
Heap:
 garbage-first heap   total 280576K, used 172268K [0x0000000700e00000, 0x0000000800000000)
  region size 2048K, 29 young (59392K), 9 survivors (18432K)
 Metaspace       used 23384K, committed 23744K, reserved 1114112K
  class space    used 1976K, committed 2176K, reserved 1048576K
GC Heap History (20 events):
Event: 0.692 GC heap before
{Heap before GC invocations=0 (full 0):
 garbage-first heap   total 262144K, used 10240K [0x0000000700e00000, 0x0000000800000000)
  region size 2048K, 6 young (12288K), 0 survivors (0K)
 Metaspace       used 7691K, committed 7936K, reserved 1114112K
  class space    used 770K, committed 896K, reserved 1048576K
}
Event: 0.695 GC heap after
{Heap after GC invocations=1 (full 0):
 garbage-first heap   total 262144K, used 3378K [0x0000000700e00000, 0x0000000800000000)
  region size 2048K, 1 young (2048K), 1 survivors (2048K)
 Metaspace       used 7691K, committed 7936K, reserved 1114112K
  class space    used 770K, committed 896K, reserved 1048576K
}
Event: 1.101 GC heap before
{Heap before GC invocations=1 (full 0):
 garbage-first heap   total 262144K, used 25906K [0x0000000700e00000, 0x0000000800000000)
  region size 2048K, 7 young (14336K), 1 survivors (2048K)
 Metaspace       used 10785K, committed 11072K, reserved 1114112K
  class space    used 1135K, committed 1280K, reserved 1048576K
}
Event: 1.104 GC heap after
{Heap after GC invocations=2 (full 0):
 garbage-first heap   total 262144K, used 10928K [0x0000000700e00000, 0x0000000800000000)
  region size 2048K, 1 young (2048K), 1 survivors (2048K)
 Metaspace       used 10785K, committed 11072K, reserved 1114112K
  class space    used 1135K, committed 1280K, reserved 1048576K
}
Event: 1.396 GC heap before
{Heap before GC invocations=2 (full 0):
 garbage-first heap   total 262144K, used 49840K [0x0000000700e00000, 0x0000000800000000)
  region size 2048K, 20 young (40960K), 1 survivors (2048K)
 Metaspace       used 10858K, committed 11136K, reserved 1114112K
  class space    used 1135K, committed 1280K, reserved 1048576K
}
Event: 1.400 GC heap after
{Heap after GC invocations=3 (full 0):
 garbage-first heap   total 262144K, used 21952K [0x0000000700e00000, 0x0000000800000000)
  region size 2048K, 3 young (6144K), 3 survivors (6144K)
 Metaspace       used 10858K, committed 11136K, reserved 1114112K
  class space    used 1135K, committed 1280K, reserved 1048576K
}
Event: 1.601 GC heap before
{Heap before GC invocations=3 (full 0):
 garbage-first heap   total 262144K, used 56768K [0x0000000700e00000, 0x0000000800000000)
  region size 2048K, 21 young (43008K), 3 survivors (6144K)
 Metaspace       used 10895K, committed 11200K, reserved 1114112K
  class space    used 1135K, committed 1280K, reserved 1048576K
}
Event: 1.605 GC heap after
{Heap after GC invocations=4 (full 0):
 garbage-first heap   total 262144K, used 32512K [0x0000000700e00000, 0x0000000800000000)
  region size 2048K, 3 young (6144K), 3 survivors (6144K)
 Metaspace       used 10895K, committed 11200K, reserved 1114112K
  class space    used 1135K, committed 1280K, reserved 1048576K
}
Event: 1.885 GC heap before
{Heap before GC invocations=4 (full 0):
 garbage-first heap   total 262144K, used 81664K [0x0000000700e00000, 0x0000000800000000)
  region size 2048K, 27 young (55296K), 3 survivors (6144K)
 Metaspace       used 10989K, committed 11264K, reserved 1114112K
  class space    used 1135K, committed 1280K, reserved 1048576K
}
Event: 1.890 GC heap after
{Heap after GC invocations=5 (full 0):
 garbage-first heap   total 262144K, used 46656K [0x0000000700e00000, 0x0000000800000000)
  region size 2048K, 4 young (8192K), 4 survivors (8192K)
 Metaspace       used 10989K, committed 11264K, reserved 1114112K
  class space    used 1135K, committed 1280K, reserved 1048576K
}
Event: 2.390 GC heap before
{Heap before GC invocations=5 (full 0):
 garbage-first heap   total 262144K, used 120384K [0x0000000700e00000, 0x0000000800000000)
  region size 2048K, 35 young (71680K), 4 survivors (8192K)
 Metaspace       used 11809K, committed 12032K, reserved 1114112K
  class space    used 1182K, committed 1280K, reserved 1048576K
}
Event: 2.394 GC heap after
{Heap after GC invocations=6 (full 0):
 garbage-first heap   total 262144K, used 65803K [0x0000000700e00000, 0x0000000800000000)
  region size 2048K, 5 young (10240K), 5 survivors (10240K)
 Metaspace       used 11809K, committed 12032K, reserved 1114112K
  class space    used 1182K, committed 1280K, reserved 1048576K
}
Event: 3.629 GC heap before
{Heap before GC invocations=6 (full 0):
 garbage-first heap   total 262144K, used 166155K [0x0000000700e00000, 0x0000000800000000)
  region size 2048K, 48 young (98304K), 5 survivors (10240K)
 Metaspace       used 18512K, committed 18816K, reserved 1114112K
  class space    used 1600K, committed 1728K, reserved 1048576K
}
Event: 3.633 GC heap after
{Heap after GC invocations=7 (full 0):
 garbage-first heap   total 262144K, used 70777K [0x0000000700e00000, 0x0000000800000000)
  region size 2048K, 1 young (2048K), 1 survivors (2048K)
 Metaspace       used 18512K, committed 18816K, reserved 1114112K
  class space    used 1600K, committed 1728K, reserved 1048576K
}
Event: 5.194 GC heap before
{Heap before GC invocations=7 (full 0):
 garbage-first heap   total 262144K, used 111737K [0x0000000700e00000, 0x0000000800000000)
  region size 2048K, 18 young (36864K), 1 survivors (2048K)
 Metaspace       used 21211K, committed 21504K, reserved 1114112K
  class space    used 1858K, committed 1984K, reserved 1048576K
}
Event: 5.197 GC heap after
{Heap after GC invocations=8 (full 0):
 garbage-first heap   total 262144K, used 73575K [0x0000000700e00000, 0x0000000800000000)
  region size 2048K, 2 young (4096K), 2 survivors (4096K)
 Metaspace       used 21211K, committed 21504K, reserved 1114112K
  class space    used 1858K, committed 1984K, reserved 1048576K
}
Event: 9.163 GC heap before
{Heap before GC invocations=9 (full 0):
 garbage-first heap   total 260096K, used 190311K [0x0000000700e00000, 0x0000000800000000)
  region size 2048K, 36 young (73728K), 2 survivors (4096K)
 Metaspace       used 23145K, committed 23616K, reserved 1114112K
  class space    used 1962K, committed 2176K, reserved 1048576K
}
Event: 9.178 GC heap after
{Heap after GC invocations=10 (full 1):
 garbage-first heap   total 260096K, used 82092K [0x0000000700e00000, 0x0000000800000000)
  region size 2048K, 0 young (0K), 0 survivors (0K)
 Metaspace       used 23145K, committed 23616K, reserved 1114112K
  class space    used 1962K, committed 2176K, reserved 1048576K
}
Event: 9.593 GC heap before
{Heap before GC invocations=10 (full 1):
 garbage-first heap   total 260096K, used 219308K [0x0000000700e00000, 0x0000000800000000)
  region size 2048K, 68 young (139264K), 0 survivors (0K)
 Metaspace       used 23322K, committed 23744K, reserved 1114112K
  class space    used 1970K, committed 2176K, reserved 1048576K
}
Event: 9.603 GC heap after
{Heap after GC invocations=11 (full 1):
 garbage-first heap   total 280576K, used 133356K [0x0000000700e00000, 0x0000000800000000)
  region size 2048K, 9 young (18432K), 9 survivors (18432K)
 Metaspace       used 23322K, committed 23744K, reserved 1114112K
  class space    used 1970K, committed 2176K, reserved 1048576K
}

