# JRE version: Java(TM) SE Runtime Environment (21.0.1+12) (build 21.0.1+12-LTS-29)
# Java VM: Java HotSpot(TM) 64-Bit Server VM (21.0.1+12-LTS-29, mixed mode, sharing, tiered, compressed oops, compressed class ptrs, g1 gc, windows-amd64)
GC Precious Log:
 CardTable entry size: 512
 Card Set container configuration: InlinePtr #cards 4 size 8 Array Of Cards #cards 16 size 48 Howl #buckets 8 coarsen threshold 3686 Howl Bitmap #cards 512 size 80 coarsen threshold 460 Card regions per heap region 1 cards per card region 4096
 CPUs: 4 total, 4 available
 Memory: 16327M
 Large Page Support: Disabled
 NUMA Support: Disabled
 Compressed Oops: Enabled (Zero based)
 Heap Region Size: 2M
 Heap Min Capacity: 8M
 Heap Initial Capacity: 256M
 Heap Max Capacity: 4082M
 Pre-touch: Disabled
 Parallel Workers: 4
 Concurrent Workers: 1
 Concurrent Refinement Workers: 4
 Periodic GC: Disabled
Heap:
 garbage-first heap   total 282624K, used 170783K [0x0000000700e00000, 0x0000000800000000)
  region size 2048K, 28 young (57344K), 9 survivors (18432K)
 Metaspace       used 23280K, committed 23680K, reserved 1114112K
  class space    used 1976K, committed 2176K, reserved 1048576K
GC Heap History (20 events):
Event: 0.682 GC heap before
{Heap before GC invocations=0 (full 0):
 garbage-first heap   total 262144K, used 12288K [0x0000000700e00000, 0x0000000800000000)
  region size 2048K, 6 young (12288K), 0 survivors (0K)
 Metaspace       used 7667K, committed 7872K, reserved 1114112K
  class space    used 768K, committed 896K, reserved 1048576K
}
Event: 0.686 GC heap after
{Heap after GC invocations=1 (full 0):
 garbage-first heap   total 262144K, used 3433K [0x0000000700e00000, 0x0000000800000000)
  region size 2048K, 1 young (2048K), 1 survivors (2048K)
 Metaspace       used 7667K, committed 7872K, reserved 1114112K
  class space    used 768K, committed 896K, reserved 1048576K
}
Event: 1.103 GC heap before
{Heap before GC invocations=1 (full 0):
 garbage-first heap   total 262144K, used 23913K [0x0000000700e00000, 0x0000000800000000)
  region size 2048K, 7 young (14336K), 1 survivors (2048K)
 Metaspace       used 10784K, committed 11072K, reserved 1114112K
  class space    used 1135K, committed 1280K, reserved 1048576K
}
Event: 1.106 GC heap after
{Heap after GC invocations=2 (full 0):
 garbage-first heap   total 262144K, used 11004K [0x0000000700e00000, 0x0000000800000000)
  region size 2048K, 1 young (2048K), 1 survivors (2048K)
 Metaspace       used 10784K, committed 11072K, reserved 1114112K
  class space    used 1135K, committed 1280K, reserved 1048576K
}
Event: 1.400 GC heap before
{Heap before GC invocations=2 (full 0):
 garbage-first heap   total 262144K, used 49916K [0x0000000700e00000, 0x0000000800000000)
  region size 2048K, 20 young (40960K), 1 survivors (2048K)
 Metaspace       used 10855K, committed 11136K, reserved 1114112K
  class space    used 1135K, committed 1280K, reserved 1048576K
}
Event: 1.404 GC heap after
{Heap after GC invocations=3 (full 0):
 garbage-first heap   total 262144K, used 22016K [0x0000000700e00000, 0x0000000800000000)
  region size 2048K, 3 young (6144K), 3 survivors (6144K)
 Metaspace       used 10855K, committed 11136K, reserved 1114112K
  class space    used 1135K, committed 1280K, reserved 1048576K
}
Event: 1.616 GC heap before
{Heap before GC invocations=3 (full 0):
 garbage-first heap   total 262144K, used 58880K [0x0000000700e00000, 0x0000000800000000)
  region size 2048K, 21 young (43008K), 3 survivors (6144K)
 Metaspace       used 10893K, committed 11200K, reserved 1114112K
  class space    used 1135K, committed 1280K, reserved 1048576K
}
Event: 1.620 GC heap after
{Heap after GC invocations=4 (full 0):
 garbage-first heap   total 262144K, used 32546K [0x0000000700e00000, 0x0000000800000000)
  region size 2048K, 3 young (6144K), 3 survivors (6144K)
 Metaspace       used 10893K, committed 11200K, reserved 1114112K
  class space    used 1135K, committed 1280K, reserved 1048576K
}
Event: 1.904 GC heap before
{Heap before GC invocations=4 (full 0):
 garbage-first heap   total 262144K, used 81698K [0x0000000700e00000, 0x0000000800000000)
  region size 2048K, 27 young (55296K), 3 survivors (6144K)
 Metaspace       used 10988K, committed 11264K, reserved 1114112K
  class space    used 1135K, committed 1280K, reserved 1048576K
}
Event: 1.908 GC heap after
{Heap after GC invocations=5 (full 0):
 garbage-first heap   total 262144K, used 46784K [0x0000000700e00000, 0x0000000800000000)
  region size 2048K, 4 young (8192K), 4 survivors (8192K)
 Metaspace       used 10988K, committed 11264K, reserved 1114112K
  class space    used 1135K, committed 1280K, reserved 1048576K
}
Event: 2.432 GC heap before
{Heap before GC invocations=5 (full 0):
 garbage-first heap   total 262144K, used 120512K [0x0000000700e00000, 0x0000000800000000)
  region size 2048K, 35 young (71680K), 4 survivors (8192K)
 Metaspace       used 11809K, committed 12032K, reserved 1114112K
  class space    used 1182K, committed 1280K, reserved 1048576K
}
Event: 2.435 GC heap after
{Heap after GC invocations=6 (full 0):
 garbage-first heap   total 262144K, used 65870K [0x0000000700e00000, 0x0000000800000000)
  region size 2048K, 5 young (10240K), 5 survivors (10240K)
 Metaspace       used 11809K, committed 12032K, reserved 1114112K
  class space    used 1182K, committed 1280K, reserved 1048576K
}
Event: 3.646 GC heap before
{Heap before GC invocations=6 (full 0):
 garbage-first heap   total 262144K, used 170318K [0x0000000700e00000, 0x0000000800000000)
  region size 2048K, 49 young (100352K), 5 survivors (10240K)
 Metaspace       used 18267K, committed 18560K, reserved 1114112K
  class space    used 1575K, committed 1728K, reserved 1048576K
}
Event: 3.649 GC heap after
{Heap after GC invocations=7 (full 0):
 garbage-first heap   total 262144K, used 70815K [0x0000000700e00000, 0x0000000800000000)
  region size 2048K, 1 young (2048K), 1 survivors (2048K)
 Metaspace       used 18267K, committed 18560K, reserved 1114112K
  class space    used 1575K, committed 1728K, reserved 1048576K
}
Event: 5.299 GC heap before
{Heap before GC invocations=7 (full 0):
 garbage-first heap   total 262144K, used 111775K [0x0000000700e00000, 0x0000000800000000)
  region size 2048K, 18 young (36864K), 1 survivors (2048K)
 Metaspace       used 21211K, committed 21504K, reserved 1114112K
  class space    used 1858K, committed 1984K, reserved 1048576K
}
Event: 5.301 GC heap after
{Heap after GC invocations=8 (full 0):
 garbage-first heap   total 262144K, used 73452K [0x0000000700e00000, 0x0000000800000000)
  region size 2048K, 2 young (4096K), 2 survivors (4096K)
 Metaspace       used 21211K, committed 21504K, reserved 1114112K
  class space    used 1858K, committed 1984K, reserved 1048576K
}
Event: 7.414 GC heap before
{Heap before GC invocations=9 (full 0):
 garbage-first heap   total 260096K, used 157420K [0x0000000700e00000, 0x0000000800000000)
  region size 2048K, 20 young (40960K), 2 survivors (4096K)
 Metaspace       used 23050K, committed 23424K, reserved 1114112K
  class space    used 1962K, committed 2176K, reserved 1048576K
}
Event: 7.427 GC heap after
{Heap after GC invocations=10 (full 1):
 garbage-first heap   total 260096K, used 82203K [0x0000000700e00000, 0x0000000800000000)
  region size 2048K, 0 young (0K), 0 survivors (0K)
 Metaspace       used 23050K, committed 23424K, reserved 1114112K
  class space    used 1962K, committed 2176K, reserved 1048576K
}
Event: 7.813 GC heap before
{Heap before GC invocations=10 (full 1):
 garbage-first heap   total 260096K, used 221467K [0x0000000700e00000, 0x0000000800000000)
  region size 2048K, 69 young (141312K), 0 survivors (0K)
 Metaspace       used 23219K, committed 23680K, reserved 1114112K
  class space    used 1970K, committed 2176K, reserved 1048576K
}
Event: 7.823 GC heap after
{Heap after GC invocations=11 (full 1):
 garbage-first heap   total 282624K, used 133919K [0x0000000700e00000, 0x0000000800000000)
  region size 2048K, 9 young (18432K), 9 survivors (18432K)
 Metaspace       used 23219K, committed 23680K, reserved 1114112K
  class space    used 1970K, committed 2176K, reserved 1048576K
}

